<?xml version="1.0" encoding="UTF-8"?>
<!-- Generated by org.testng.reporters.JUnitXMLReporter -->
<testsuite hostname="Nandini_Kandula" failures="1" tests="2" name="Test" time="26.103" errors="0" timestamp="27 Mar 2024 18:53:12 GMT">
  <testcase classname="selpractice.endtoendframework" name="submitorder" time="11.831">
    <failure type="java.lang.AssertionError" message="expected [true] but found [false]">
      <![CDATA[java.lang.AssertionError: expected [true] but found [false]
	at selpractice.endtoendframework.submitorder(endtoendframework.java:50)
... Removed 28 stack frames]]>
    </failure>
  </testcase> <!-- submitorder -->
  <testcase classname="selpractice.errorvalidation" name="testemail" time="0.002"/>
</testsuite> <!-- Test -->
