<?xml version="1.0" encoding="UTF-8"?>
<testng-results total="2" passed="2" failed="0" skipped="0">
  <reporter-output>
  </reporter-output>
  <suite started-at="2024-04-01T23:43:54Z" name="Default suite" finished-at="2024-04-01T23:44:22Z" duration-ms="28013">
    <groups>
    </groups>
    <test started-at="2024-04-01T23:43:54Z" name="Default test" finished-at="2024-04-01T23:44:22Z" duration-ms="28013">
      <class name="selpractice.endtoendframework">
        <test-method is-config="true" signature="launchapp()[pri:0, instance:selpractice.endtoendframework@7d286fb6]" started-at="2024-04-01T19:43:54Z" name="launchapp" finished-at="2024-04-01T19:44:00Z" duration-ms="5724" status="PASS">
          <reporter-output>
          </reporter-output>
        </test-method> <!-- launchapp -->
        <test-method signature="passorder()[pri:0, instance:selpractice.endtoendframework@7d286fb6]" started-at="2024-04-01T19:44:00Z" name="passorder" finished-at="2024-04-01T19:44:00Z" duration-ms="4" status="PASS">
          <reporter-output>
          </reporter-output>
        </test-method> <!-- passorder -->
        <test-method is-config="true" signature="closeapp()[pri:0, instance:selpractice.endtoendframework@7d286fb6]" started-at="2024-04-01T19:44:00Z" name="closeapp" finished-at="2024-04-01T19:44:00Z" duration-ms="0" status="PASS">
          <reporter-output>
          </reporter-output>
        </test-method> <!-- closeapp -->
        <test-method is-config="true" signature="launchapp()[pri:0, instance:selpractice.endtoendframework@7d286fb6]" started-at="2024-04-01T19:44:00Z" name="launchapp" finished-at="2024-04-01T19:44:05Z" duration-ms="5432" status="PASS">
          <reporter-output>
          </reporter-output>
        </test-method> <!-- launchapp -->
        <test-method signature="submitorder()[pri:0, instance:selpractice.endtoendframework@7d286fb6]" started-at="2024-04-01T19:44:05Z" name="submitorder" finished-at="2024-04-01T19:44:22Z" duration-ms="16836" status="PASS">
          <reporter-output>
          </reporter-output>
        </test-method> <!-- submitorder -->
        <test-method is-config="true" signature="closeapp()[pri:0, instance:selpractice.endtoendframework@7d286fb6]" started-at="2024-04-01T19:44:22Z" name="closeapp" finished-at="2024-04-01T19:44:22Z" duration-ms="0" status="PASS">
          <reporter-output>
          </reporter-output>
        </test-method> <!-- closeapp -->
      </class> <!-- selpractice.endtoendframework -->
    </test> <!-- Default test -->
  </suite> <!-- Default suite -->
</testng-results>
